<?xml version="1.0" encoding="UTF-8"?>
<!-- Generated by org.testng.reporters.JUnitReportReporter -->
<testsuite skipped="0" hostname="Sid" name="zerion.test.ZerionTest" tests="3" failures="0" timestamp="24 Jul 2017 05:15:29 GMT" time="14.635" errors="0">
  <testcase name="loginTest" time="5.229" classname="zerion.test.ZerionTest"/>
  <testcase name="verifyCorrectUserTest" time="0.211" classname="zerion.test.ZerionTest"/>
  <testcase name="createNewRecordTest" time="9.195" classname="zerion.test.ZerionTest"/>
</testsuite> <!-- zerion.test.ZerionTest -->
