<?xml version="1.0" encoding="UTF-8"?>
<!-- Generated by org.testng.reporters.JUnitReportReporter -->
<testsuite skipped="0" hostname="Sid" name="personal.ParallelTestExecution.ParallelTestExecutionTest" tests="4" failures="0" timestamp="23 Jul 2017 03:30:23 GMT" time="0.031" errors="0">
  <testcase name="test3" time="0.006" classname="personal.ParallelTestExecution.ParallelTestExecutionTest"/>
  <testcase name="test4" time="0.008" classname="personal.ParallelTestExecution.ParallelTestExecutionTest"/>
  <testcase name="test1" time="0.010" classname="personal.ParallelTestExecution.ParallelTestExecutionTest"/>
  <testcase name="test2" time="0.007" classname="personal.ParallelTestExecution.ParallelTestExecutionTest"/>
</testsuite> <!-- personal.ParallelTestExecution.ParallelTestExecutionTest -->
